#
# There is insufficient memory for the Java Runtime Environment to continue.
# Native memory allocation (malloc) failed to allocate 66128 bytes for Chunk::new
# Possible reasons:
#   The system is out of physical RAM or swap space
#   In 32 bit mode, the process size limit was hit
# Possible solutions:
#   Reduce memory load on the system
#   Increase physical memory or swap space
#   Check if swap backing store is full
#   Use 64 bit Java on a 64 bit OS
#   Decrease Java heap size (-Xmx/-Xms)
#   Decrease number of Java threads
#   Decrease Java thread stack sizes (-Xss)
#   Set larger code cache with -XX:ReservedCodeCacheSize=
# This output file may be truncated or incomplete.
#
#  Out of Memory Error (allocation.cpp:390), pid=9584, tid=0x0000000000000ef8
#
# JRE version: Java(TM) SE Runtime Environment (8.0_101-b13) (build 1.8.0_101-b13)
# Java VM: Java HotSpot(TM) 64-Bit Server VM (25.101-b13 mixed mode windows-amd64 compressed oops)
# Failed to write core dump. Minidumps are not enabled by default on client versions of Windows
#

---------------  T H R E A D  ---------------

Current thread (0x0000000015c09800):  JavaThread "C2 CompilerThread0" daemon [_thread_in_native, id=3832, stack(0x0000000017170000,0x0000000017270000)]

Stack: [0x0000000017170000,0x0000000017270000]
[error occurred during error reporting (printing stack bounds), id 0xc0000005]

Native frames: (J=compiled Java code, j=interpreted, Vv=VM code, C=native code)


Current CompileTask:
C2:  46923 2428   !   4       com.android.dx.cf.code.BytecodeArray::parseInstruction (2764 bytes)


---------------  P R O C E S S  ---------------

Java Threads: ( => current thread )
  0x000000001752b000 JavaThread "pool-2-thread-4" [_thread_blocked, id=2520, stack(0x0000000017e70000,0x0000000017f70000)]
  0x000000001752a000 JavaThread "pool-2-thread-3" [_thread_in_Java, id=11668, stack(0x0000000017d70000,0x0000000017e70000)]
  0x0000000017529000 JavaThread "pool-2-thread-2" [_thread_in_Java, id=9536, stack(0x0000000017c70000,0x0000000017d70000)]
  0x00000000175cb000 JavaThread "pool-3-thread-1" [_thread_blocked, id=2016, stack(0x0000000017b70000,0x0000000017c70000)]
  0x00000000175ca800 JavaThread "pool-2-thread-1" [_thread_in_Java, id=4852, stack(0x0000000017a70000,0x0000000017b70000)]
  0x00000000172d9800 JavaThread "Service Thread" daemon [_thread_blocked, id=8092, stack(0x0000000017870000,0x0000000017970000)]
  0x00000000172ca000 JavaThread "C1 CompilerThread2" daemon [_thread_blocked, id=10424, stack(0x0000000017770000,0x0000000017870000)]
  0x0000000017270800 JavaThread "C2 CompilerThread1" daemon [_thread_in_native, id=11592, stack(0x0000000017670000,0x0000000017770000)]
=>0x0000000015c09800 JavaThread "C2 CompilerThread0" daemon [_thread_in_native, id=3832, stack(0x0000000017170000,0x0000000017270000)]
  0x0000000015c08800 JavaThread "Attach Listener" daemon [_thread_blocked, id=8300, stack(0x0000000017070000,0x0000000017170000)]
  0x0000000015bbc000 JavaThread "Signal Dispatcher" daemon [_thread_blocked, id=2436, stack(0x0000000016f70000,0x0000000017070000)]
  0x0000000015b9a000 JavaThread "Finalizer" daemon [_thread_blocked, id=12028, stack(0x0000000016e00000,0x0000000016f00000)]
  0x00000000034af000 JavaThread "Reference Handler" daemon [_thread_blocked, id=9680, stack(0x0000000016d00000,0x0000000016e00000)]
  0x00000000033c0800 JavaThread "main" [_thread_in_native, id=4764, stack(0x00000000032c0000,0x00000000033c0000)]

Other Threads:
  0x0000000015b77800 VMThread [stack: 0x0000000016c00000,0x0000000016d00000] [id=8420]
  0x0000000017325800 WatcherThread [stack: 0x0000000017970000,0x0000000017a70000] [id=9828]

VM state:not at safepoint (normal execution)

VM Mutex/Monitor currently owned by a thread: None

Heap:
 PSYoungGen      total 142336K, used 65962K [0x00000000eab00000, 0x00000000fd700000, 0x0000000100000000)
  eden space 124928K, 45% used [0x00000000eab00000,0x00000000ee21aa80,0x00000000f2500000)
  from space 17408K, 54% used [0x00000000f2500000,0x00000000f2e4fe70,0x00000000f3600000)
  to   space 28672K, 0% used [0x00000000fbb00000,0x00000000fbb00000,0x00000000fd700000)
 ParOldGen       total 82432K, used 42241K [0x00000000c0000000, 0x00000000c5080000, 0x00000000eab00000)
  object space 82432K, 51% used [0x00000000c0000000,0x00000000c2940680,0x00000000c5080000)
 Metaspace       used 6587K, capacity 7256K, committed 7424K, reserved 1056768K
  class space    used 627K, capacity 656K, committed 768K, reserved 1048576K

Card table byte_map: [0x0000000012880000,0x0000000012a90000] byte_map_base: 0x0000000012280000

Marking Bits: (ParMarkBitMap*) 0x000000007138a6d0
 Begin Bits: [0x0000000012ff0000, 0x0000000013ff0000)
 End Bits:   [0x0000000013ff0000, 0x0000000014ff0000)

Polling page: 0x0000000001350000

CodeCache: size=245760Kb used=10235Kb max_used=11762Kb free=235525Kb
 bounds [0x00000000034c0000, 0x0000000004050000, 0x00000000124c0000]
 total_blobs=2259 nmethods=1988 adapters=184
 compilation: enabled

Compilation events (10 events):
Event: 46.416 Thread 0x00000000172ca000 2423       2       java.util.HashMap::put (13 bytes)
Event: 46.416 Thread 0x00000000172ca000 nmethod 2423 0x00000000036be910 code [0x00000000036bea80, 0x00000000036bec78]
Event: 46.629 Thread 0x00000000172ca000 2427       2       com.android.dx.cf.code.BytecodeArray$ConstantParserVisitor::visitConstant (18 bytes)
Event: 46.629 Thread 0x00000000172ca000 nmethod 2427 0x00000000035ed410 code [0x00000000035ed560, 0x00000000035ed6d0]
Event: 46.631 Thread 0x00000000172ca000 2429       2       com.android.dx.rop.cst.CstFloat::make (9 bytes)
Event: 46.632 Thread 0x00000000172ca000 nmethod 2429 0x00000000037110d0 code [0x0000000003711220, 0x00000000037113b0]
Event: 46.633 Thread 0x00000000172ca000 2430       2       com.android.dx.rop.cst.CstFloat::<init> (6 bytes)
Event: 46.633 Thread 0x00000000172ca000 nmethod 2430 0x0000000003608850 code [0x00000000036089a0, 0x0000000003608af0]
Event: 46.730 Thread 0x0000000015c09800 nmethod 2415 0x0000000003660050 code [0x00000000036605a0, 0x0000000003664f40]
Event: 46.733 Thread 0x0000000015c09800 2428   !   4       com.android.dx.cf.code.BytecodeArray::parseInstruction (2764 bytes)

GC Heap History (10 events):
Event: 19.249 GC heap before
{Heap before GC invocations=4 (full 0):
 PSYoungGen      total 34304K, used 34297K [0x00000000eab00000, 0x00000000eee00000, 0x0000000100000000)
  eden space 31744K, 100% used [0x00000000eab00000,0x00000000eca00000,0x00000000eca00000)
  from space 2560K, 99% used [0x00000000eca00000,0x00000000ecc7e5d0,0x00000000ecc80000)
  to   space 2560K, 0% used [0x00000000eeb80000,0x00000000eeb80000,0x00000000eee00000)
 ParOldGen       total 42496K, used 7898K [0x00000000c0000000, 0x00000000c2980000, 0x00000000eab00000)
  object space 42496K, 18% used [0x00000000c0000000,0x00000000c07b69c8,0x00000000c2980000)
 Metaspace       used 6269K, capacity 7092K, committed 7296K, reserved 1056768K
  class space    used 606K, capacity 620K, committed 640K, reserved 1048576K
Event: 20.466 GC heap after
Heap after GC invocations=4 (full 0):
 PSYoungGen      total 66048K, used 2540K [0x00000000eab00000, 0x00000000eee00000, 0x0000000100000000)
  eden space 63488K, 0% used [0x00000000eab00000,0x00000000eab00000,0x00000000ee900000)
  from space 2560K, 99% used [0x00000000eeb80000,0x00000000eedfb338,0x00000000eee00000)
  to   space 2560K, 0% used [0x00000000ee900000,0x00000000ee900000,0x00000000eeb80000)
 ParOldGen       total 42496K, used 13062K [0x00000000c0000000, 0x00000000c2980000, 0x00000000eab00000)
  object space 42496K, 30% used [0x00000000c0000000,0x00000000c0cc19a8,0x00000000c2980000)
 Metaspace       used 6269K, capacity 7092K, committed 7296K, reserved 1056768K
  class space    used 606K, capacity 620K, committed 640K, reserved 1048576K
}
Event: 24.904 GC heap before
{Heap before GC invocations=5 (full 0):
 PSYoungGen      total 66048K, used 66028K [0x00000000eab00000, 0x00000000eee00000, 0x0000000100000000)
  eden space 63488K, 100% used [0x00000000eab00000,0x00000000ee900000,0x00000000ee900000)
  from space 2560K, 99% used [0x00000000eeb80000,0x00000000eedfb338,0x00000000eee00000)
  to   space 2560K, 0% used [0x00000000ee900000,0x00000000ee900000,0x00000000eeb80000)
 ParOldGen       total 42496K, used 13062K [0x00000000c0000000, 0x00000000c2980000, 0x00000000eab00000)
  object space 42496K, 30% used [0x00000000c0000000,0x00000000c0cc19a8,0x00000000c2980000)
 Metaspace       used 6329K, capacity 7092K, committed 7296K, reserved 1056768K
  class space    used 606K, capacity 620K, committed 640K, reserved 1048576K
Event: 25.668 GC heap after
Heap after GC invocations=5 (full 0):
 PSYoungGen      total 66048K, used 2540K [0x00000000eab00000, 0x00000000f4500000, 0x0000000100000000)
  eden space 63488K, 0% used [0x00000000eab00000,0x00000000eab00000,0x00000000ee900000)
  from space 2560K, 99% used [0x00000000ee900000,0x00000000eeb7b338,0x00000000eeb80000)
  to   space 15360K, 0% used [0x00000000f3600000,0x00000000f3600000,0x00000000f4500000)
 ParOldGen       total 42496K, used 23653K [0x00000000c0000000, 0x00000000c2980000, 0x00000000eab00000)
  object space 42496K, 55% used [0x00000000c0000000,0x00000000c17194d8,0x00000000c2980000)
 Metaspace       used 6329K, capacity 7092K, committed 7296K, reserved 1056768K
  class space    used 606K, capacity 620K, committed 640K, reserved 1048576K
}
Event: 29.995 GC heap before
{Heap before GC invocations=6 (full 0):
 PSYoungGen      total 66048K, used 66028K [0x00000000eab00000, 0x00000000f4500000, 0x0000000100000000)
  eden space 63488K, 100% used [0x00000000eab00000,0x00000000ee900000,0x00000000ee900000)
  from space 2560K, 99% used [0x00000000ee900000,0x00000000eeb7b338,0x00000000eeb80000)
  to   space 15360K, 0% used [0x00000000f3600000,0x00000000f3600000,0x00000000f4500000)
 ParOldGen       total 42496K, used 23653K [0x00000000c0000000, 0x00000000c2980000, 0x00000000eab00000)
  object space 42496K, 55% used [0x00000000c0000000,0x00000000c17194d8,0x00000000c2980000)
 Metaspace       used 6443K, capacity 7156K, committed 7296K, reserved 1056768K
  class space    used 607K, capacity 620K, committed 640K, reserved 1048576K
Event: 30.711 GC heap after
Heap after GC invocations=6 (full 0):
 PSYoungGen      total 140288K, used 13422K [0x00000000eab00000, 0x00000000f4900000, 0x0000000100000000)
  eden space 124928K, 0% used [0x00000000eab00000,0x00000000eab00000,0x00000000f2500000)
  from space 15360K, 87% used [0x00000000f3600000,0x00000000f431b880,0x00000000f4500000)
  to   space 17408K, 0% used [0x00000000f2500000,0x00000000f2500000,0x00000000f3600000)
 ParOldGen       total 42496K, used 23661K [0x00000000c0000000, 0x00000000c2980000, 0x00000000eab00000)
  object space 42496K, 55% used [0x00000000c0000000,0x00000000c171b4d8,0x00000000c2980000)
 Metaspace       used 6443K, capacity 7156K, committed 7296K, reserved 1056768K
  class space    used 607K, capacity 620K, committed 640K, reserved 1048576K
}
Event: 38.875 GC heap before
{Heap before GC invocations=7 (full 0):
 PSYoungGen      total 140288K, used 138350K [0x00000000eab00000, 0x00000000f4900000, 0x0000000100000000)
  eden space 124928K, 100% used [0x00000000eab00000,0x00000000f2500000,0x00000000f2500000)
  from space 15360K, 87% used [0x00000000f3600000,0x00000000f431b880,0x00000000f4500000)
  to   space 17408K, 0% used [0x00000000f2500000,0x00000000f2500000,0x00000000f3600000)
 ParOldGen       total 42496K, used 23661K [0x00000000c0000000, 0x00000000c2980000, 0x00000000eab00000)
  object space 42496K, 55% used [0x00000000c0000000,0x00000000c171b4d8,0x00000000c2980000)
 Metaspace       used 6583K, capacity 7256K, committed 7424K, reserved 1056768K
  class space    used 627K, capacity 656K, committed 768K, reserved 1048576K
Event: 39.373 GC heap after
Heap after GC invocations=7 (full 0):
 PSYoungGen      total 142336K, used 17404K [0x00000000eab00000, 0x00000000fd700000, 0x0000000100000000)
  eden space 124928K, 0% used [0x00000000eab00000,0x00000000eab00000,0x00000000f2500000)
  from space 17408K, 99% used [0x00000000f2500000,0x00000000f35ff3f8,0x00000000f3600000)
  to   space 28672K, 0% used [0x00000000fbb00000,0x00000000fbb00000,0x00000000fd700000)
 ParOldGen       total 42496K, used 39025K [0x00000000c0000000, 0x00000000c2980000, 0x00000000eab00000)
  object space 42496K, 91% used [0x00000000c0000000,0x00000000c261c628,0x00000000c2980000)
 Metaspace       used 6583K, capacity 7256K, committed 7424K, reserved 1056768K
  class space    used 627K, capacity 656K, committed 768K, reserved 1048576K
}
Event: 39.374 GC heap before
{Heap before GC invocations=8 (full 1):
 PSYoungGen      total 142336K, used 17404K [0x00000000eab00000, 0x00000000fd700000, 0x0000000100000000)
  eden space 124928K, 0% used [0x00000000eab00000,0x00000000eab00000,0x00000000f2500000)
  from space 17408K, 99% used [0x00000000f2500000,0x00000000f35ff3f8,0x00000000f3600000)
  to   space 28672K, 0% used [0x00000000fbb00000,0x00000000fbb00000,0x00000000fd700000)
 ParOldGen       total 42496K, used 39025K [0x00000000c0000000, 0x00000000c2980000, 0x00000000eab00000)
  object space 42496K, 91% used [0x00000000c0000000,0x00000000c261c628,0x00000000c2980000)
 Metaspace       used 6583K, capacity 7256K, committed 7424K, reserved 1056768K
  class space    used 627K, capacity 656K, committed 768K, reserved 1048576K
Event: 44.310 GC heap after
Heap after GC invocations=8 (full 1):
 PSYoungGen      total 142336K, used 9535K [0x00000000eab00000, 0x00000000fd700000, 0x0000000100000000)
  eden space 124928K, 0% used [0x00000000eab00000,0x00000000eab00000,0x00000000f2500000)
  from space 17408K, 54% used [0x00000000f2500000,0x00000000f2e4fe70,0x00000000f3600000)
  to   space 28672K, 0% used [0x00000000fbb00000,0x00000000fbb00000,0x00000000fd700000)
 ParOldGen       total 82432K, used 42241K [0x00000000c0000000, 0x00000000c5080000, 0x00000000eab00000)
  object space 82432K, 51% used [0x00000000c0000000,0x00000000c2940680,0x00000000c5080000)
 Metaspace       used 6583K, capacity 7256K, committed 7424K, reserved 1056768K
  class space    used 627K, capacity 656K, committed 768K, reserved 1048576K
}

Deoptimization events (10 events):
Event: 35.584 Thread 0x000000001752b000 Uncommon trap: reason=bimorphic action=maybe_recompile pc=0x0000000003fcb27c method=com.android.dx.cf.code.BytecodeArray.parseInstruction(ILcom/android/dx/cf/code/BytecodeArray$Visitor;)I @ 939
Event: 35.585 Thread 0x000000001752b000 Uncommon trap: reason=bimorphic action=maybe_recompile pc=0x0000000003fcb27c method=com.android.dx.cf.code.BytecodeArray.parseInstruction(ILcom/android/dx/cf/code/BytecodeArray$Visitor;)I @ 939
Event: 37.150 Thread 0x000000001752b000 Uncommon trap: reason=unstable_if action=reinterpret pc=0x0000000003f44eac method=java.util.HashMap.putVal(ILjava/lang/Object;Ljava/lang/Object;ZZ)Ljava/lang/Object; @ 109
Event: 45.386 Thread 0x00000000033c0800 Uncommon trap: reason=bimorphic action=maybe_recompile pc=0x0000000004004900 method=com.android.dx.cf.code.BytecodeArray.parseInstruction(ILcom/android/dx/cf/code/BytecodeArray$Visitor;)I @ 1287
Event: 45.386 Thread 0x00000000033c0800 Uncommon trap: reason=bimorphic action=maybe_recompile pc=0x0000000004004900 method=com.android.dx.cf.code.BytecodeArray.parseInstruction(ILcom/android/dx/cf/code/BytecodeArray$Visitor;)I @ 1287
Event: 46.414 Thread 0x00000000175ca800 Uncommon trap: reason=unstable_if action=reinterpret pc=0x0000000003aa6f20 method=java.util.HashMap.putVal(ILjava/lang/Object;Ljava/lang/Object;ZZ)Ljava/lang/Object; @ 162
Event: 46.628 Thread 0x00000000033c0800 Uncommon trap: reason=bimorphic action=maybe_recompile pc=0x0000000003736908 method=com.android.dx.cf.code.BytecodeArray.parseInstruction(ILcom/android/dx/cf/code/BytecodeArray$Visitor;)I @ 1035
Event: 46.628 Thread 0x00000000033c0800 Uncommon trap: reason=bimorphic action=maybe_recompile pc=0x0000000003736788 method=com.android.dx.cf.code.BytecodeArray.parseInstruction(ILcom/android/dx/cf/code/BytecodeArray$Visitor;)I @ 987
Event: 46.629 Thread 0x00000000033c0800 Uncommon trap: reason=bimorphic action=maybe_recompile pc=0x0000000003736988 method=com.android.dx.cf.code.BytecodeArray.parseInstruction(ILcom/android/dx/cf/code/BytecodeArray$Visitor;)I @ 1051
Event: 46.630 Thread 0x00000000033c0800 Uncommon trap: reason=bimorphic action=maybe_recompile pc=0x0000000003736908 method=com.android.dx.cf.code.BytecodeArray.parseInstruction(ILcom/android/dx/cf/code/BytecodeArray$Visitor;)I @ 1035

Internal exceptions (8 events):
Event: 0.125 Thread 0x00000000033c0800 Exception <a 'java/lang/NoSuchMethodError': Method sun.misc.Unsafe.defineClass(Ljava/lang/String;[BII)Ljava/lang/Class; name or signature does not match> (0x00000000eab07cc0) thrown at [C:\re\workspace\8-2-build-windows-amd64-cygwin\jdk8u101\7261\hotspot\s2é 8
À?
Event: 0.125 Thread 0x00000000033c0800 Exception <a 'java/lang/NoSuchMethodError': Method sun.misc.Unsafe.prefetchRead(Ljava/lang/Object;J)V name or signature does not match> (0x00000000eab07fa8) thrown at [C:\re\workspace\8-2-build-windows-amd64-cygwin\jdk8u101\7261\hotspot\src\share\vm\prims\ø_Å™Ùh%@
Event: 10.705 Thread 0x00000000033c0800 Implicit null exception at 0x0000000003802f17 to 0x0000000003804659
Event: 29.981 Thread 0x0000000017529000 Implicit null exception at 0x0000000003b0a000 to 0x0000000003b0b5d1
Event: 30.768 Thread 0x00000000175ca800 Implicit null exception at 0x0000000003b01c5b to 0x0000000003b031c1
Event: 33.305 Thread 0x00000000175ca800 Exception <a 'java/lang/ArrayIndexOutOfBoundsException': 18> (0x00000000edf1afd8) thrown at [C:\re\workspace\8-2-build-windows-amd64-cygwin\jdk8u101\7261\hotspot\src\share\vm\interpreter\interpreterRuntime.cpp, line 366]
Event: 33.305 Thread 0x00000000175ca800 Exception <a 'java/lang/ArrayIndexOutOfBoundsException': 145> (0x00000000edf1cb58) thrown at [C:\re\workspace\8-2-build-windows-amd64-cygwin\jdk8u101\7261\hotspot\src\share\vm\interpreter\interpreterRuntime.cpp, line 366]
Event: 33.308 Thread 0x00000000175ca800 Exception <a 'java/lang/ArrayIndexOutOfBoundsException'> (0x00000000edf1de40) thrown at [C:\re\workspace\8-2-build-windows-amd64-cygwin\jdk8u101\7261\hotspot\src\share\vm\runtime\sharedRuntime.cpp, line 605]

Events (10 events):
Event: 46.633 Thread 0x00000000172ca000 flushing nmethod 0x0000000003a715d0
Event: 46.633 Thread 0x00000000172ca000 flushing nmethod 0x0000000003aa8010
Event: 46.633 Thread 0x00000000172ca000 flushing nmethod 0x0000000003ab0110
Event: 46.633 Thread 0x00000000172ca000 flushing nmethod 0x0000000003ab1210
Event: 46.633 Thread 0x00000000172ca000 flushing nmethod 0x0000000003abb590
Event: 46.633 Thread 0x00000000172ca000 flushing nmethod 0x0000000003abd110
Event: 46.633 Thread 0x00000000172ca000 flushing nmethod 0x0000000003adc290
Event: 46.732 Thread 0x0000000015c09800 flushing nmethod 0x0000000003b3c990
Event: 46.732 Thread 0x0000000015c09800 flushing nmethod 0x0000000003b4ff10
Event: 46.732 Thread 0x0000000015c09800 flushing nmethod 0x0000000003b5c710


Dynamic libraries:
0x00007ff6a1150000 - 0x00007ff6a1187000 	D:\java1.8\bin\java.exe
0x00007ff924570000 - 0x00007ff924741000 	C:\WINDOWS\SYSTEM32\ntdll.dll
0x00007ff922700000 - 0x00007ff9227ab000 	C:\WINDOWS\System32\KERNEL32.DLL
0x00007ff921670000 - 0x00007ff92188d000 	C:\WINDOWS\System32\KERNELBASE.dll
0x00007ff922650000 - 0x00007ff9226f2000 	C:\WINDOWS\System32\ADVAPI32.dll
0x00007ff921e10000 - 0x00007ff921eae000 	C:\WINDOWS\System32\msvcrt.dll
0x00007ff9221b0000 - 0x00007ff922209000 	C:\WINDOWS\System32\sechost.dll
0x00007ff922220000 - 0x00007ff922341000 	C:\WINDOWS\System32\RPCRT4.dll
0x00007ff922470000 - 0x00007ff9225d5000 	C:\WINDOWS\System32\USER32.dll
0x00007ff920c00000 - 0x00007ff920c1e000 	C:\WINDOWS\System32\win32u.dll
0x00007ff921dd0000 - 0x00007ff921e04000 	C:\WINDOWS\System32\GDI32.dll
0x00007ff920c20000 - 0x00007ff920da2000 	C:\WINDOWS\System32\gdi32full.dll
0x00007ff91f690000 - 0x00007ff91f909000 	C:\WINDOWS\WinSxS\amd64_microsoft.windows.common-controls_6595b64144ccf1df_6.0.14393.0_none_2d0f50fcbdb171b8\COMCTL32.dll
0x00007ff9241b0000 - 0x00007ff924477000 	C:\WINDOWS\System32\combase.dll
0x00007ff9209e0000 - 0x00007ff920ad5000 	C:\WINDOWS\System32\ucrtbase.dll
0x00007ff921560000 - 0x00007ff9215ca000 	C:\WINDOWS\System32\bcryptPrimitives.dll
0x00007ff924480000 - 0x00007ff9244ae000 	C:\WINDOWS\System32\IMM32.DLL
0x0000000070600000 - 0x00000000706d2000 	D:\java1.8\jre\bin\msvcr100.dll
0x0000000070b70000 - 0x000000007140a000 	D:\java1.8\jre\bin\server\jvm.dll
0x00007ff9214e0000 - 0x00007ff921503000 	C:\WINDOWS\System32\WINMM.dll
0x00007ff9207e0000 - 0x00007ff92080b000 	C:\WINDOWS\System32\WINMMBASE.dll
0x00007ff921510000 - 0x00007ff921552000 	C:\WINDOWS\System32\cfgmgr32.dll
0x00007ff9241a0000 - 0x00007ff9241a8000 	C:\WINDOWS\System32\PSAPI.DLL
0x00007ff9164a0000 - 0x00007ff9164a9000 	C:\WINDOWS\SYSTEM32\WSOCK32.dll
0x00007ff922a10000 - 0x00007ff922a7a000 	C:\WINDOWS\System32\WS2_32.dll
0x00007ff91f490000 - 0x00007ff91f49a000 	C:\WINDOWS\SYSTEM32\VERSION.dll
0x0000000070a80000 - 0x0000000070a8f000 	D:\java1.8\jre\bin\verify.dll
0x0000000070a50000 - 0x0000000070a79000 	D:\java1.8\jre\bin\java.dll
0x0000000070a30000 - 0x0000000070a46000 	D:\java1.8\jre\bin\zip.dll
0x00007ff922af0000 - 0x00007ff923ff8000 	C:\WINDOWS\System32\SHELL32.dll
0x00007ff920db0000 - 0x00007ff92148a000 	C:\WINDOWS\System32\windows.storage.dll
0x00007ff921490000 - 0x00007ff9214dc000 	C:\WINDOWS\System32\powrprof.dll
0x00007ff9225f0000 - 0x00007ff922642000 	C:\WINDOWS\System32\shlwapi.dll
0x00007ff9207d0000 - 0x00007ff9207df000 	C:\WINDOWS\System32\kernel.appcore.dll
0x00007ff921890000 - 0x00007ff921939000 	C:\WINDOWS\System32\shcore.dll
0x00007ff9207b0000 - 0x00007ff9207c4000 	C:\WINDOWS\System32\profapi.dll

VM Arguments:
jvm_args: -Djava.awt.headless=true -Xmx1024M -Dfile.encoding=GBK -Duser.country=CN -Duser.language=zh -Duser.variant 
java_command: com.android.dx.command.Main --dex --force-jumbo --num-threads=4 --multi-dex --output D:\workspace3\HomeTest\app\build\intermediates\transforms\dex\debug\folders\1000\10\com.android.support-support-v4-23.4.0_5fd8b29a0fa4e8ff2ca473f835095e9ffe22849d D:\workspace3\HomeTest\app\build\intermediates\exploded-aar\com.android.support\support-v4\23.4.0\jars\classes.jar
java_class_path (initial): D:\workspace\sdk\android-sdk-windows\build-tools\23.0.3\lib\dx.jar
Launcher Type: SUN_STANDARD

Environment Variables:
JAVA_HOME=D:\java1.8\
CLASSPATH=.D:\java1.8\\lib\dt.jar;D:\java1.8\\lib\tools.jar£»
PATH=C:\WINDOWS\system32;C:\WINDOWS;C:\WINDOWS\System32\Wbem;C:\WINDOWS\System32\WindowsPowerShell\v1.0\;D:\java1.8\\bin;C:\Program Files (x86)\GtkSharp\2.12\bin;D:\adt-bundle-windows-x86_64-20131030\sdk\platform-tools;D:\java1.8\bin;C:\Program Files\Git\cmd;C:\Users\Administrator\AppData\Local\Microsoft\WindowsApps;
USERNAME=Administrator
OS=Windows_NT
PROCESSOR_IDENTIFIER=Intel64 Family 6 Model 37 Stepping 5, GenuineIntel



---------------  S Y S T E M  ---------------

OS: Windows 10.0 , 64 bit Build 14393 (10.0.14393.0)

CPU:total 4 (2 cores per cpu, 2 threads per core) family 6 model 37 stepping 5, cmov, cx8, fxsr, mmx, sse, sse2, sse3, ssse3, sse4.1, sse4.2, popcnt, aes, clmul, ht, tsc, tscinvbit

Memory: 4k page, physical 3985068k(109512k free), swap 11741200k(4312k free)

vm_info: Java HotSpot(TM) 64-Bit Server VM (25.101-b13) for windows-amd64 JRE (1.8.0_101-b13), built on Jun 22 2016 01:21:29 by "java_re" with MS VC++ 10.0 (VS2010)

time: Thu Oct 06 22:29:05 2016
elapsed time: 46 seconds (0d 0h 0m 46s)

