#
# There is insufficient memory for the Java Runtime Environment to continue.
# Native memory allocation (malloc) failed to allocate 1048576 bytes for AllocateHeap
# Possible reasons:
#   The system is out of physical RAM or swap space
#   In 32 bit mode, the process size limit was hit
# Possible solutions:
#   Reduce memory load on the system
#   Increase physical memory or swap space
#   Check if swap backing store is full
#   Use 64 bit Java on a 64 bit OS
#   Decrease Java heap size (-Xmx/-Xms)
#   Decrease number of Java threads
#   Decrease Java thread stack sizes (-Xss)
#   Set larger code cache with -XX:ReservedCodeCacheSize=
# This output file may be truncated or incomplete.
#
#  Out of Memory Error (memory/allocation.inline.hpp:61), pid=10860, tid=0x0000000000000ce0
#
# JRE version:  (8.0_101-b13) (build )
# Java VM: Java HotSpot(TM) 64-Bit Server VM (25.101-b13 mixed mode windows-amd64 compressed oops)
# Failed to write core dump. Minidumps are not enabled by default on client versions of Windows
#

---------------  T H R E A D  ---------------

Current thread (0x00000000026b0800):  JavaThread "Unknown thread" [_thread_in_vm, id=3296, stack(0x00000000025b0000,0x00000000026b0000)]

Stack: [0x00000000025b0000,0x00000000026b0000]
[error occurred during error reporting (printing stack bounds), id 0xc0000005]

Native frames: (J=compiled Java code, j=interpreted, Vv=VM code, C=native code)


---------------  P R O C E S S  ---------------

Java Threads: ( => current thread )

Other Threads:

=>0x00000000026b0800 (exited) JavaThread "Unknown thread" [_thread_in_vm, id=3296, stack(0x00000000025b0000,0x00000000026b0000)]

VM state:not at safepoint (normal execution)

VM Mutex/Monitor currently owned by a thread: None

Heap:
 PSYoungGen      total 18432K, used 317K [0x00000000eab00000, 0x00000000ebf80000, 0x0000000100000000)
  eden space 15872K, 2% used [0x00000000eab00000,0x00000000eab4f5d0,0x00000000eba80000)
  from space 2560K, 0% used [0x00000000ebd00000,0x00000000ebd00000,0x00000000ebf80000)
  to   space 2560K, 0% used [0x00000000eba80000,0x00000000eba80000,0x00000000ebd00000)
 ParOldGen       total 42496K, used 0K [0x00000000c0000000, 0x00000000c2980000, 0x00000000eab00000)
  object space 42496K, 0% used [0x00000000c0000000,0x00000000c0000000,0x00000000c2980000)
 Metaspace       used 769K, capacity 4480K, committed 4480K, reserved 1056768K
  class space    used 75K, capacity 384K, committed 384K, reserved 1048576K

Card table byte_map: [0x0000000011b70000,0x0000000011d80000] byte_map_base: 0x0000000011570000

Marking Bits: (ParMarkBitMap*) 0x000000007138a6d0
 Begin Bits: [0x00000000122e0000, 0x00000000132e0000)
 End Bits:   [0x00000000132e0000, 0x00000000142e0000)

Polling page: 0x0000000000960000

CodeCache: size=245760Kb used=327Kb max_used=327Kb free=245432Kb
 bounds [0x00000000027b0000, 0x0000000002a20000, 0x00000000117b0000]
 total_blobs=57 nmethods=0 adapters=38
 compilation: enabled

Compilation events (0 events):
No events

GC Heap History (0 events):
No events

Deoptimization events (0 events):
No events

Internal exceptions (0 events):
No events

Events (10 events):
Event: 0.412 loading class java/lang/Short
Event: 0.413 loading class java/lang/Short done
Event: 0.413 loading class java/lang/Integer
Event: 0.413 loading class java/lang/Integer done
Event: 0.413 loading class java/lang/Long
Event: 0.413 loading class java/lang/Long done
Event: 0.416 loading class java/lang/NullPointerException
Event: 0.416 loading class java/lang/NullPointerException done
Event: 0.416 loading class java/lang/ArithmeticException
Event: 0.416 loading class java/lang/ArithmeticException done


Dynamic libraries:
0x00007ff6a1150000 - 0x00007ff6a1187000 	D:\java1.8\bin\java.exe
0x00007ff924570000 - 0x00007ff924741000 	C:\WINDOWS\SYSTEM32\ntdll.dll
0x00007ff922700000 - 0x00007ff9227ab000 	C:\WINDOWS\System32\KERNEL32.DLL
0x00007ff921670000 - 0x00007ff92188d000 	C:\WINDOWS\System32\KERNELBASE.dll
0x00007ff922650000 - 0x00007ff9226f2000 	C:\WINDOWS\System32\ADVAPI32.dll
0x00007ff921e10000 - 0x00007ff921eae000 	C:\WINDOWS\System32\msvcrt.dll
0x00007ff9221b0000 - 0x00007ff922209000 	C:\WINDOWS\System32\sechost.dll
0x00007ff922220000 - 0x00007ff922341000 	C:\WINDOWS\System32\RPCRT4.dll
0x00007ff922470000 - 0x00007ff9225d5000 	C:\WINDOWS\System32\USER32.dll
0x00007ff920c00000 - 0x00007ff920c1e000 	C:\WINDOWS\System32\win32u.dll
0x00007ff921dd0000 - 0x00007ff921e04000 	C:\WINDOWS\System32\GDI32.dll
0x00007ff920c20000 - 0x00007ff920da2000 	C:\WINDOWS\System32\gdi32full.dll
0x00007ff91f690000 - 0x00007ff91f909000 	C:\WINDOWS\WinSxS\amd64_microsoft.windows.common-controls_6595b64144ccf1df_6.0.14393.0_none_2d0f50fcbdb171b8\COMCTL32.dll
0x00007ff9241b0000 - 0x00007ff924477000 	C:\WINDOWS\System32\combase.dll
0x00007ff9209e0000 - 0x00007ff920ad5000 	C:\WINDOWS\System32\ucrtbase.dll
0x00007ff921560000 - 0x00007ff9215ca000 	C:\WINDOWS\System32\bcryptPrimitives.dll
0x00007ff924480000 - 0x00007ff9244ae000 	C:\WINDOWS\System32\IMM32.DLL
0x0000000070600000 - 0x00000000706d2000 	D:\java1.8\jre\bin\msvcr100.dll
0x0000000070b70000 - 0x000000007140a000 	D:\java1.8\jre\bin\server\jvm.dll
0x00007ff9214e0000 - 0x00007ff921503000 	C:\WINDOWS\System32\WINMM.dll
0x00007ff9207e0000 - 0x00007ff92080b000 	C:\WINDOWS\System32\WINMMBASE.dll
0x00007ff921510000 - 0x00007ff921552000 	C:\WINDOWS\System32\cfgmgr32.dll
0x00007ff9241a0000 - 0x00007ff9241a8000 	C:\WINDOWS\System32\PSAPI.DLL
0x00007ff9164a0000 - 0x00007ff9164a9000 	C:\WINDOWS\SYSTEM32\WSOCK32.dll
0x00007ff922a10000 - 0x00007ff922a7a000 	C:\WINDOWS\System32\WS2_32.dll
0x00007ff91f490000 - 0x00007ff91f49a000 	C:\WINDOWS\SYSTEM32\VERSION.dll
0x0000000070a80000 - 0x0000000070a8f000 	D:\java1.8\jre\bin\verify.dll
0x0000000070a50000 - 0x0000000070a79000 	D:\java1.8\jre\bin\java.dll
0x0000000070a30000 - 0x0000000070a46000 	D:\java1.8\jre\bin\zip.dll

VM Arguments:
jvm_args: -Djava.awt.headless=true -Xmx1024M -Dfile.encoding=GBK -Duser.country=CN -Duser.language=zh -Duser.variant 
java_command: com.android.dx.command.Main --dex --force-jumbo --num-threads=4 --multi-dex --output D:\workspace3\HomeTest\app\build\intermediates\transforms\dex\debug\folders\1000\10\support-annotations-23.4.0_a6c614858454a62decad690030031b8a6a5e2b62 D:\workspace\sdk\android-sdk-windows\extras\android\m2repository\com\android\support\support-annotations\23.4.0\support-annotations-23.4.0.jar
java_class_path (initial): D:\workspace\sdk\android-sdk-windows\build-tools\23.0.3\lib\dx.jar
Launcher Type: SUN_STANDARD

Environment Variables:
JAVA_HOME=D:\java1.8\
CLASSPATH=.D:\java1.8\\lib\dt.jar;D:\java1.8\\lib\tools.jar£»
PATH=C:\WINDOWS\system32;C:\WINDOWS;C:\WINDOWS\System32\Wbem;C:\WINDOWS\System32\WindowsPowerShell\v1.0\;D:\java1.8\\bin;C:\Program Files (x86)\GtkSharp\2.12\bin;D:\adt-bundle-windows-x86_64-20131030\sdk\platform-tools;D:\java1.8\bin;C:\Program Files\Git\cmd;C:\Users\Administrator\AppData\Local\Microsoft\WindowsApps;
USERNAME=Administrator
OS=Windows_NT
PROCESSOR_IDENTIFIER=Intel64 Family 6 Model 37 Stepping 5, GenuineIntel



---------------  S Y S T E M  ---------------

OS: Windows 10.0 , 64 bit Build 14393 (10.0.14393.0)

CPU:total 4 (2 cores per cpu, 2 threads per core) family 6 model 37 stepping 5, cmov, cx8, fxsr, mmx, sse, sse2, sse3, ssse3, sse4.1, sse4.2, popcnt, aes, clmul, ht, tsc, tscinvbit

Memory: 4k page, physical 3985068k(109340k free), swap 11741200k(4312k free)

vm_info: Java HotSpot(TM) 64-Bit Server VM (25.101-b13) for windows-amd64 JRE (1.8.0_101-b13), built on Jun 22 2016 01:21:29 by "java_re" with MS VC++ 10.0 (VS2010)

time: Thu Oct 06 22:29:05 2016
elapsed time: 0 seconds (0d 0h 0m 0s)

